<?xml version="1.0" encoding="UTF-8"?>
<!-- Generated by org.testng.reporters.JUnitReportReporter -->
<testsuite hostname="dijesh-PC" name="testcases.TC001_LoginLogOut" tests="2" failures="0" timestamp="23 Dec 2017 05:15:41 GMT" time="83.985" errors="0">
  <testcase name="logInLogOut" time="63.516" classname="testcases.TC001_LoginLogOut"/>
  <testcase name="logInLogOut" time="20.469" classname="testcases.TC001_LoginLogOut"/>
</testsuite> <!-- testcases.TC001_LoginLogOut -->
