<?xml version="1.0" encoding="UTF-8"?>
<!-- Generated by org.testng.reporters.JUnitReportReporter -->
<testsuite hostname="dijesh-PC" name="testcases.TC004_EditLead" tests="1" failures="0" timestamp="16 Dec 2017 08:44:30 GMT" time="184.309" errors="0">
  <testcase name="editLead" time="184.309" classname="testcases.TC004_EditLead"/>
</testsuite> <!-- testcases.TC004_EditLead -->
