<?xml version="1.0" encoding="UTF-8"?>
<!-- Generated by org.testng.reporters.JUnitReportReporter -->
<testsuite hostname="dijesh-PC" name="testcases.TC003_CreateLeads" tests="2" failures="0" timestamp="14 Dec 2017 06:16:30 GMT" time="146.177" errors="0">
  <testcase name="createLead" time="63.573" classname="testcases.TC003_CreateLeads"/>
  <testcase name="createLead" time="82.604" classname="testcases.TC003_CreateLeads"/>
</testsuite> <!-- testcases.TC003_CreateLeads -->
