<?xml version="1.0" encoding="UTF-8"?>
<!-- Generated by org.testng.reporters.JUnitReportReporter -->
<testsuite hostname="dijesh-PC" name="testcases.TC002_LoginNegative" tests="4" failures="0" timestamp="9 Dec 2017 13:56:15 GMT" time="48.846" errors="0">
  <testcase name="loginFail" time="12.367" classname="testcases.TC002_LoginNegative"/>
  <testcase name="loginFail" time="11.965" classname="testcases.TC002_LoginNegative"/>
  <testcase name="loginFail" time="13.105" classname="testcases.TC002_LoginNegative"/>
  <testcase name="loginFail" time="11.409" classname="testcases.TC002_LoginNegative"/>
</testsuite> <!-- testcases.TC002_LoginNegative -->
